0 info it worked if it ends with ok
1 verbose cli [ 'C:\\Users\\fordh\\Documents\\College\\Computer Science\\SoftwareII\\ProjectTemplate\\tempeturs-template-master-43a6219035f5b0926aed0d2882be9eae1069b033\\.gradle\\nodejs\\node-v7.7.3-win-x64\\node.exe',
1 verbose cli   'C:\\Users\\fordh\\Documents\\College\\Computer Science\\SoftwareII\\ProjectTemplate\\tempeturs-template-master-43a6219035f5b0926aed0d2882be9eae1069b033\\.gradle\\npm\\npm-v4.1.2\\node_modules\\npm\\bin\\npm-cli.js',
1 verbose cli   'run',
1 verbose cli   'build' ]
2 info using npm@4.1.2
3 info using node@v7.7.3
4 verbose run-script [ 'prebuild', 'build', 'postbuild' ]
5 info lifecycle petfinder-site@1.0.0~prebuild: petfinder-site@1.0.0
6 silly lifecycle petfinder-site@1.0.0~prebuild: no script for prebuild, continuing
7 info lifecycle petfinder-site@1.0.0~build: petfinder-site@1.0.0
8 verbose lifecycle petfinder-site@1.0.0~build: unsafe-perm in lifecycle true
9 verbose lifecycle petfinder-site@1.0.0~build: PATH: C:\Users\fordh\Documents\College\Computer Science\SoftwareII\ProjectTemplate\tempeturs-template-master-43a6219035f5b0926aed0d2882be9eae1069b033\.gradle\npm\npm-v4.1.2\node_modules\npm\bin\node-gyp-bin;C:\Users\fordh\Documents\College\Computer Science\SoftwareII\ProjectTemplate\tempeturs-template-master-43a6219035f5b0926aed0d2882be9eae1069b033\node_modules\.bin;C:\Users\fordh\Documents\College\Computer Science\SoftwareII\ProjectTemplate\tempeturs-template-master-43a6219035f5b0926aed0d2882be9eae1069b033\.gradle\npm\npm-v4.1.2;C:\Users\fordh\Documents\College\Computer Science\SoftwareII\ProjectTemplate\tempeturs-template-master-43a6219035f5b0926aed0d2882be9eae1069b033\.gradle\nodejs\node-v7.7.3-win-x64;C:\ProgramData\Oracle\Java\javapath;C:\Windows\system32;C:\Windows;C:\Windows\System32\Wbem;C:\Windows\System32\WindowsPowerShell\v1.0\;C:\Program Files (x86)\NVIDIA Corporation\PhysX\Common;C:\WINDOWS\system32;C:\WINDOWS;C:\WINDOWS\System32\Wbem;C:\WINDOWS\System32\WindowsPowerShell\v1.0\;C:\Program Files\PuTTY\;C:\Program Files\nodejs\;C:\Users\fordh\scoop\shims;C:\Users\fordh\AppData\Local\Microsoft\WindowsApps;C:\FFMPEG\bin;C:\Program Files\Heroku\bin;C:\Users\fordh\AppData\Roaming\npm
10 verbose lifecycle petfinder-site@1.0.0~build: CWD: C:\Users\fordh\Documents\College\Computer Science\SoftwareII\ProjectTemplate\tempeturs-template-master-43a6219035f5b0926aed0d2882be9eae1069b033
11 silly lifecycle petfinder-site@1.0.0~build: Args: [ '/d /s /c',
11 silly lifecycle   'cross-env webpack --progress --colors --env build' ]
12 silly lifecycle petfinder-site@1.0.0~build: Returned: code: 2  signal: null
13 info lifecycle petfinder-site@1.0.0~build: Failed to exec build script
14 verbose stack Error: petfinder-site@1.0.0 build: `cross-env webpack --progress --colors --env build`
14 verbose stack Exit status 2
14 verbose stack     at EventEmitter.<anonymous> (C:\Users\fordh\Documents\College\Computer Science\SoftwareII\ProjectTemplate\tempeturs-template-master-43a6219035f5b0926aed0d2882be9eae1069b033\.gradle\npm\npm-v4.1.2\node_modules\npm\lib\utils\lifecycle.js:279:16)
14 verbose stack     at emitTwo (events.js:106:13)
14 verbose stack     at EventEmitter.emit (events.js:194:7)
14 verbose stack     at ChildProcess.<anonymous> (C:\Users\fordh\Documents\College\Computer Science\SoftwareII\ProjectTemplate\tempeturs-template-master-43a6219035f5b0926aed0d2882be9eae1069b033\.gradle\npm\npm-v4.1.2\node_modules\npm\lib\utils\spawn.js:40:14)
14 verbose stack     at emitTwo (events.js:106:13)
14 verbose stack     at ChildProcess.emit (events.js:194:7)
14 verbose stack     at maybeClose (internal/child_process.js:899:16)
14 verbose stack     at Process.ChildProcess._handle.onexit (internal/child_process.js:226:5)
15 verbose pkgid petfinder-site@1.0.0
16 verbose cwd C:\Users\fordh\Documents\College\Computer Science\SoftwareII\ProjectTemplate\tempeturs-template-master-43a6219035f5b0926aed0d2882be9eae1069b033
17 error Windows_NT 10.0.15063
18 error argv "C:\\Users\\fordh\\Documents\\College\\Computer Science\\SoftwareII\\ProjectTemplate\\tempeturs-template-master-43a6219035f5b0926aed0d2882be9eae1069b033\\.gradle\\nodejs\\node-v7.7.3-win-x64\\node.exe" "C:\\Users\\fordh\\Documents\\College\\Computer Science\\SoftwareII\\ProjectTemplate\\tempeturs-template-master-43a6219035f5b0926aed0d2882be9eae1069b033\\.gradle\\npm\\npm-v4.1.2\\node_modules\\npm\\bin\\npm-cli.js" "run" "build"
19 error node v7.7.3
20 error npm  v4.1.2
21 error code ELIFECYCLE
22 error petfinder-site@1.0.0 build: `cross-env webpack --progress --colors --env build`
22 error Exit status 2
23 error Failed at the petfinder-site@1.0.0 build script 'cross-env webpack --progress --colors --env build'.
23 error Make sure you have the latest version of node.js and npm installed.
23 error If you do, this is most likely a problem with the petfinder-site package,
23 error not with npm itself.
23 error Tell the author that this fails on your system:
23 error     cross-env webpack --progress --colors --env build
23 error You can get information on how to open an issue for this project with:
23 error     npm bugs petfinder-site
23 error Or if that isn't available, you can get their info via:
23 error     npm owner ls petfinder-site
23 error There is likely additional logging output above.
24 verbose exit [ 1, true ]
